Arguments: 
  /usr/local/bin/node /usr/local/bin/yarn add bcrypt

PATH: 
  /home/etudiant/.npm-packages/bin:/usr/local/bin:/usr/bin:/bin:/usr/local/games:/usr/games

Yarn version: 
  1.22.0

Node version: 
  13.9.0

Platform: 
  linux x64

Trace: 
  Error: https://registry.yarnpkg.com/is-fullwidth-code-point/-/is-fullwidth-code-point-2.0.0.tgz: Parse Error: Invalid character in Content-Length
      at TLSSocket.socketOnData (_http_client.js:479:22)
      at TLSSocket.emit (events.js:321:20)
      at addChunk (_stream_readable.js:297:12)
      at readableAddChunk (_stream_readable.js:273:9)
      at TLSSocket.Readable.push (_stream_readable.js:214:10)
      at TLSWrap.onStreamRead (internal/stream_base_commons.js:186:23)

npm manifest: 
  No manifest

yarn manifest: 
  No manifest

Lockfile: 
  No lockfile
